<?xml version="1.0" encoding="UTF-8"?>
<!-- Generated by org.testng.reporters.JUnitXMLReporter -->
<testsuite ignored="0" hostname="LAPTOP-S5V8OH7S" failures="0" tests="1" name="Chrome" time="0.068" errors="0" timestamp="2025-11-27T14:53:40 IST">
  <testcase classname="testcases.BaseClass2" name="@BeforeMethod setup" time="-1.764235420797E9">
    <failure type="org.testng.TestNGException" message="
Parameter &amp;apos;browserVersion&amp;apos; is required by BeforeMethod on method setup but has not been marked @Optional or defined
in C:\Users\labhe\eclipse-workspace-era\selenium2\testng.xml">
      <![CDATA[org.testng.TestNGException: 
Parameter 'browserVersion' is required by BeforeMethod on method setup but has not been marked @Optional or defined
in C:\Users\labhe\eclipse-workspace-era\selenium2\testng.xml
at java.base/java.util.ArrayList.forEach(ArrayList.java:1596)
at java.base/java.util.concurrent.FutureTask.run(FutureTask.java:317)
at java.base/java.util.concurrent.ThreadPoolExecutor.runWorker(ThreadPoolExecutor.java:1144)
at java.base/java.util.concurrent.ThreadPoolExecutor$Worker.run(ThreadPoolExecutor.java:642)
at java.base/java.lang.Thread.run(Thread.java:1583)
... Removed 18 stack frames]]>
    </failure>
  </testcase> <!-- @BeforeMethod setup -->
  <testcase classname="testcases.BaseClass2" name="@BeforeMethod setup" time="-1.764235420797E9">
    <failure type="org.testng.TestNGException" message="
Parameter &amp;apos;browserVersion&amp;apos; is required by BeforeMethod on method setup but has not been marked @Optional or defined
in C:\Users\labhe\eclipse-workspace-era\selenium2\testng.xml">
      <![CDATA[org.testng.TestNGException: 
Parameter 'browserVersion' is required by BeforeMethod on method setup but has not been marked @Optional or defined
in C:\Users\labhe\eclipse-workspace-era\selenium2\testng.xml
at java.base/java.util.ArrayList.forEach(ArrayList.java:1596)
at java.base/java.util.concurrent.FutureTask.run(FutureTask.java:317)
at java.base/java.util.concurrent.ThreadPoolExecutor.runWorker(ThreadPoolExecutor.java:1144)
at java.base/java.util.concurrent.ThreadPoolExecutor$Worker.run(ThreadPoolExecutor.java:642)
at java.base/java.lang.Thread.run(Thread.java:1583)
... Removed 18 stack frames]]>
    </failure>
  </testcase> <!-- @BeforeMethod setup -->
  <testcase classname="testcases.BaseClass2" name="@AfterMethod tearDown" time="0.0">
    <skipped/>
  </testcase> <!-- @AfterMethod tearDown -->
  <testcase classname="testcases.BaseClass2" name="@AfterMethod tearDown" time="0.0">
    <skipped/>
  </testcase> <!-- @AfterMethod tearDown -->
  <testcase classname="testcases.ChromeRunner" name="TestScenario_01" time="0.001">
    <skipped/>
  </testcase> <!-- TestScenario_01 -->
</testsuite> <!-- Chrome -->
