<?xml version="1.0" encoding="UTF-8"?>
<!-- Generated by org.testng.reporters.JUnitXMLReporter -->
<testsuite ignored="0" hostname="LAPTOP-S5V8OH7S" failures="1" tests="3" name="Test" time="48.663" errors="0" timestamp="2025-11-27T12:46:44 IST">
  <testcase classname="testcases.CertificationTest" name="TestScenario1" time="2.843"/>
  <testcase classname="testcases.CertificationTest" name="TestScenario2" time="2.117"/>
  <testcase classname="testcases.CertificationTest" name="TestScenario3" time="5.223">
    <failure type="java.lang.NullPointerException" message="Cannot invoke &amp;quot;org.openqa.selenium.JavascriptExecutor.executeScript(String, Object[])&amp;quot; because &amp;quot;js&amp;quot; is null">
      <![CDATA[java.lang.NullPointerException: Cannot invoke "org.openqa.selenium.JavascriptExecutor.executeScript(String, Object[])" because "js" is null
at testcases.BaseClass.scrollDown200pixels(BaseClass.java:172)
at testcases.CertificationTest.TestScenario3(CertificationTest.java:55)
at java.base/java.util.ArrayList.forEach(ArrayList.java:1596)
... Removed 25 stack frames]]>
    </failure>
  </testcase> <!-- TestScenario3 -->
</testsuite> <!-- Test -->
