<?xml version="1.0" encoding="UTF-8"?>
<!-- Generated by org.testng.reporters.JUnitXMLReporter -->
<testsuite ignored="3" hostname="LAPTOP-S5V8OH7S" failures="0" tests="0" time="0.013" errors="0" timestamp="2025-11-27T13:05:47 IST">
  <testcase classname="testcases.CertificationTest" name="TestScenario3" time="0.0">
    <ignored/>
  </testcase> <!-- TestScenario3 -->
  <testcase classname="testcases.CertificationTest" name="TestScenario2" time="0.0">
    <ignored/>
  </testcase> <!-- TestScenario2 -->
  <testcase classname="testcases.CertificationTest" name="TestScenario1" time="0.0">
    <ignored/>
  </testcase> <!-- TestScenario1 -->
</testsuite>
