<?xml version="1.0" encoding="UTF-8"?>
<!-- Generated by org.testng.reporters.JUnitXMLReporter -->
<testsuite ignored="2" hostname="LAPTOP-S5V8OH7S" failures="0" tests="1" name="Chrome Scenario1" time="25.573" errors="0" timestamp="2025-11-27T15:36:36 IST">
  <testcase classname="testcases.CertificationTest" name="TestScenario_03" time="6.017"/>
  <testcase classname="testcases.CertificationTest" name="TestScenario_01" time="0.0">
    <ignored/>
  </testcase> <!-- TestScenario_01 -->
  <testcase classname="testcases.CertificationTest" name="TestScenario_02" time="0.0">
    <ignored/>
  </testcase> <!-- TestScenario_02 -->
</testsuite> <!-- Chrome Scenario1 -->
