<?xml version="1.0" encoding="UTF-8"?>
<!-- Generated by org.testng.reporters.JUnitXMLReporter -->
<testsuite ignored="1" hostname="LAPTOP-S5V8OH7S" failures="0" tests="2" name="Firefox Scenario2" time="34.705" errors="0" timestamp="2025-11-27T15:36:45 IST">
  <testcase classname="testcases.CertificationTest" name="TestScenario_01" time="1.603"/>
  <testcase classname="testcases.CertificationTest" name="TestScenario_02" time="1.702"/>
  <testcase classname="testcases.CertificationTest" name="TestScenario_03" time="0.0">
    <ignored/>
  </testcase> <!-- TestScenario_03 -->
</testsuite> <!-- Firefox Scenario2 -->
