<?xml version="1.0" encoding="UTF-8"?>
<!-- Generated by org.testng.reporters.JUnitXMLReporter -->
<testsuite ignored="2" hostname="LAPTOP-S5V8OH7S" failures="1" tests="1" name="Firefox Scenario2and3" time="14.476" errors="0" timestamp="2025-11-27T14:40:04 IST">
  <testcase classname="testcases.CertificationTest" name="TestScenario_02" time="0.095">
    <failure type="org.openqa.selenium.WebDriverException" message="Unable to find the session info for particular sessionId 1341784d-11f1-456a-b399-c54c8caef8a2, maybe session has quit already or timed out.
Build info: version: &amp;apos;4.1.1&amp;apos;, revision: &amp;apos;e8fcc2cecf&amp;apos;
System info: host: &amp;apos;LAPTOP-S5V8OH7S&amp;apos;, ip: &amp;apos;192.168.31.149&amp;apos;, os.name: &amp;apos;Windows 11&amp;apos;, os.arch: &amp;apos;amd64&amp;apos;, os.version: &amp;apos;10.0&amp;apos;, java.version: &amp;apos;21.0.8&amp;apos;
Driver info: org.openqa.selenium.remote.RemoteWebDriver
Command: [1341784d-11f1-456a-b399-c54c8caef8a2, findElement {using=xpath, value=//div[@class=&amp;apos;sp__range sp__range-success&amp;apos;]/output}]
Capabilities {acceptInsecureCerts: true, browserName: firefox, browserVersion: 145.0.2, javascriptEnabled: true, moz:accessibilityChecks: false, moz:buildID: 20251124145406, moz:geckodriverVersion: 0.35.0, moz:headless: false, moz:platformVersion: 10.0, moz:processID: 2524, moz:profile: C:\Users\ltuser\AppData\Loc..., moz:shutdownTimeout: 60000, moz:webdriverClick: true, moz:windowless: false, pageLoadStrategy: normal, platform: WINDOWS, platformName: WINDOWS, proxy: Proxy(), setWindowRect: true, strictFileInteractability: false, timeouts: {implicit: 0, pageLoad: 300000, script: 30000}, unhandledPromptBehavior: dismiss and notify, userAgent: Mozilla/5.0 (Windows NT 10....}
Session ID: 1341784d-11f1-456a-b399-c54c8caef8a2">
      <![CDATA[org.openqa.selenium.WebDriverException: Unable to find the session info for particular sessionId 1341784d-11f1-456a-b399-c54c8caef8a2, maybe session has quit already or timed out.
Build info: version: '4.1.1', revision: 'e8fcc2cecf'
System info: host: 'LAPTOP-S5V8OH7S', ip: '192.168.31.149', os.name: 'Windows 11', os.arch: 'amd64', os.version: '10.0', java.version: '21.0.8'
Driver info: org.openqa.selenium.remote.RemoteWebDriver
Command: [1341784d-11f1-456a-b399-c54c8caef8a2, findElement {using=xpath, value=//div[@class='sp__range sp__range-success']/output}]
Capabilities {acceptInsecureCerts: true, browserName: firefox, browserVersion: 145.0.2, javascriptEnabled: true, moz:accessibilityChecks: false, moz:buildID: 20251124145406, moz:geckodriverVersion: 0.35.0, moz:headless: false, moz:platformVersion: 10.0, moz:processID: 2524, moz:profile: C:\Users\ltuser\AppData\Loc..., moz:shutdownTimeout: 60000, moz:webdriverClick: true, moz:windowless: false, pageLoadStrategy: normal, platform: WINDOWS, platformName: WINDOWS, proxy: Proxy(), setWindowRect: true, strictFileInteractability: false, timeouts: {implicit: 0, pageLoad: 300000, script: 30000}, unhandledPromptBehavior: dismiss and notify, userAgent: Mozilla/5.0 (Windows NT 10....}
Session ID: 1341784d-11f1-456a-b399-c54c8caef8a2
at org.openqa.selenium.remote.codec.w3c.W3CHttpResponseCodec.createException(W3CHttpResponseCodec.java:200)
at org.openqa.selenium.remote.codec.w3c.W3CHttpResponseCodec.decode(W3CHttpResponseCodec.java:133)
at org.openqa.selenium.remote.codec.w3c.W3CHttpResponseCodec.decode(W3CHttpResponseCodec.java:53)
at org.openqa.selenium.remote.HttpCommandExecutor.execute(HttpCommandExecutor.java:184)
at org.openqa.selenium.remote.TracedCommandExecutor.execute(TracedCommandExecutor.java:51)
at org.openqa.selenium.remote.RemoteWebDriver.execute(RemoteWebDriver.java:543)
at org.openqa.selenium.remote.ElementLocation$ElementFinder$2.findElement(ElementLocation.java:162)
at org.openqa.selenium.remote.ElementLocation.findElement(ElementLocation.java:60)
at org.openqa.selenium.remote.RemoteWebDriver.findElement(RemoteWebDriver.java:367)
at org.openqa.selenium.remote.RemoteWebDriver.findElement(RemoteWebDriver.java:359)
at org.openqa.selenium.support.pagefactory.DefaultElementLocator.findElement(DefaultElementLocator.java:70)
at org.openqa.selenium.support.pagefactory.internal.LocatingElementHandler.invoke(LocatingElementHandler.java:39)
at jdk.proxy2/jdk.proxy2.$Proxy33.getText(Unknown Source)
at pageobjects.CertificationPage.sliderValue(CertificationPage.java:221)
at testcases.CertificationTest.TestScenario_02(CertificationTest.java:28)
at java.base/java.util.ArrayList.forEach(ArrayList.java:1596)
at java.base/java.util.concurrent.FutureTask.run(FutureTask.java:317)
at java.base/java.util.concurrent.ThreadPoolExecutor.runWorker(ThreadPoolExecutor.java:1144)
at java.base/java.util.concurrent.ThreadPoolExecutor$Worker.run(ThreadPoolExecutor.java:642)
at java.base/java.lang.Thread.run(Thread.java:1583)
... Removed 18 stack frames]]>
    </failure>
  </testcase> <!-- TestScenario_02 -->
  <testcase classname="testcases.CertificationTest" name="TestScenario_01" time="0.0">
    <ignored/>
  </testcase> <!-- TestScenario_01 -->
  <testcase classname="testcases.CertificationTest" name="TestScenario_03" time="0.0">
    <ignored/>
  </testcase> <!-- TestScenario_03 -->
</testsuite> <!-- Firefox Scenario2and3 -->
