<?xml version="1.0" encoding="UTF-8"?>
<!-- Generated by org.testng.reporters.JUnitXMLReporter -->
<testsuite ignored="2" hostname="LAPTOP-S5V8OH7S" failures="1" tests="1" name="Safari Scenario3" time="16.0" errors="0" timestamp="2025-11-27T15:13:18 IST">
  <testcase classname="testcases.CertificationTest" name="TestScenario_01" time="0.077">
    <failure type="org.openqa.selenium.WebDriverException" message="Unable to find the session info for particular sessionId E41DDE7A-539B-4413-8551-51A418632A71, maybe session has quit already or timed out.
Build info: version: &amp;apos;4.1.1&amp;apos;, revision: &amp;apos;e8fcc2cecf&amp;apos;
System info: host: &amp;apos;LAPTOP-S5V8OH7S&amp;apos;, ip: &amp;apos;192.168.31.149&amp;apos;, os.name: &amp;apos;Windows 11&amp;apos;, os.arch: &amp;apos;amd64&amp;apos;, os.version: &amp;apos;10.0&amp;apos;, java.version: &amp;apos;21.0.8&amp;apos;
Driver info: org.openqa.selenium.remote.RemoteWebDriver
Command: [E41DDE7A-539B-4413-8551-51A418632A71, getCurrentUrl {}]
Capabilities {acceptInsecureCerts: false, browserName: Safari, browserVersion: 13.1.2, javascriptEnabled: true, platform: MAC, platformName: MAC, safari:automaticInspection: false, safari:automaticProfiling: false, safari:diagnose: false, safari:platformBuildVersion: 19F101, safari:platformVersion: 10.15.5, safari:useSimulator: false, setWindowRect: true, strictFileInteractability: false, webkit:WebRTC: {DisableICECandidateFiltering: false, DisableInsecureMediaCapture: false}}
Session ID: E41DDE7A-539B-4413-8551-51A418632A71">
      <![CDATA[org.openqa.selenium.WebDriverException: Unable to find the session info for particular sessionId E41DDE7A-539B-4413-8551-51A418632A71, maybe session has quit already or timed out.
Build info: version: '4.1.1', revision: 'e8fcc2cecf'
System info: host: 'LAPTOP-S5V8OH7S', ip: '192.168.31.149', os.name: 'Windows 11', os.arch: 'amd64', os.version: '10.0', java.version: '21.0.8'
Driver info: org.openqa.selenium.remote.RemoteWebDriver
Command: [E41DDE7A-539B-4413-8551-51A418632A71, getCurrentUrl {}]
Capabilities {acceptInsecureCerts: false, browserName: Safari, browserVersion: 13.1.2, javascriptEnabled: true, platform: MAC, platformName: MAC, safari:automaticInspection: false, safari:automaticProfiling: false, safari:diagnose: false, safari:platformBuildVersion: 19F101, safari:platformVersion: 10.15.5, safari:useSimulator: false, setWindowRect: true, strictFileInteractability: false, webkit:WebRTC: {DisableICECandidateFiltering: false, DisableInsecureMediaCapture: false}}
Session ID: E41DDE7A-539B-4413-8551-51A418632A71
at org.openqa.selenium.remote.codec.w3c.W3CHttpResponseCodec.createException(W3CHttpResponseCodec.java:200)
at org.openqa.selenium.remote.codec.w3c.W3CHttpResponseCodec.decode(W3CHttpResponseCodec.java:133)
at org.openqa.selenium.remote.codec.w3c.W3CHttpResponseCodec.decode(W3CHttpResponseCodec.java:53)
at org.openqa.selenium.remote.HttpCommandExecutor.execute(HttpCommandExecutor.java:184)
at org.openqa.selenium.remote.TracedCommandExecutor.execute(TracedCommandExecutor.java:51)
at org.openqa.selenium.remote.RemoteWebDriver.execute(RemoteWebDriver.java:543)
at org.openqa.selenium.remote.RemoteWebDriver.execute(RemoteWebDriver.java:598)
at org.openqa.selenium.remote.RemoteWebDriver.execute(RemoteWebDriver.java:602)
at org.openqa.selenium.remote.RemoteWebDriver.getCurrentUrl(RemoteWebDriver.java:324)
at testcases.CertificationTest.TestScenario_01(CertificationTest.java:18)
at java.base/java.util.ArrayList.forEach(ArrayList.java:1596)
at java.base/java.util.concurrent.FutureTask.run(FutureTask.java:317)
at java.base/java.util.concurrent.ThreadPoolExecutor.runWorker(ThreadPoolExecutor.java:1144)
at java.base/java.util.concurrent.ThreadPoolExecutor$Worker.run(ThreadPoolExecutor.java:642)
at java.base/java.lang.Thread.run(Thread.java:1583)
... Removed 18 stack frames]]>
    </failure>
  </testcase> <!-- TestScenario_01 -->
  <testcase classname="testcases.CertificationTest" name="TestScenario_02" time="0.0">
    <ignored/>
  </testcase> <!-- TestScenario_02 -->
  <testcase classname="testcases.CertificationTest" name="TestScenario_03" time="0.0">
    <ignored/>
  </testcase> <!-- TestScenario_03 -->
</testsuite> <!-- Safari Scenario3 -->
