<?xml version="1.0" encoding="UTF-8"?>
<!-- Generated by org.testng.reporters.JUnitXMLReporter -->
<testsuite ignored="0" hostname="LAPTOP-S5V8OH7S" failures="1" tests="4" name="Chrome Latest on Windows 11" time="60.079" errors="0" timestamp="2025-11-27T10:43:12 IST">
  <testcase classname="testcases.CertificationTest" name="loginTC_001" time="2.896"/>
  <testcase classname="testcases.CertificationTest" name="loginTC_002" time="2.396"/>
  <testcase classname="testcases.CertificationTest" name="loginTC_003" time="4.699">
    <skipped/>
  </testcase> <!-- loginTC_003 -->
  <testcase classname="testcases.CertificationTest" name="loginTC_003" time="4.874">
    <failure type="java.lang.NullPointerException" message="Cannot invoke &amp;quot;org.openqa.selenium.JavascriptExecutor.executeScript(String, Object[])&amp;quot; because &amp;quot;js&amp;quot; is null">
      <![CDATA[java.lang.NullPointerException: Cannot invoke "org.openqa.selenium.JavascriptExecutor.executeScript(String, Object[])" because "js" is null
at testcases.BaseClass.scrollDown200pixels(BaseClass.java:172)
at testcases.CertificationTest.loginTC_003(CertificationTest.java:54)
at java.base/java.util.ArrayList.forEach(ArrayList.java:1596)
at java.base/java.util.concurrent.FutureTask.run(FutureTask.java:317)
at java.base/java.util.concurrent.ThreadPoolExecutor.runWorker(ThreadPoolExecutor.java:1144)
at java.base/java.util.concurrent.ThreadPoolExecutor$Worker.run(ThreadPoolExecutor.java:642)
at java.base/java.lang.Thread.run(Thread.java:1583)
... Removed 15 stack frames]]>
    </failure>
  </testcase> <!-- loginTC_003 -->
</testsuite> <!-- Chrome Latest on Windows 11 -->
