<?xml version="1.0" encoding="UTF-8"?>
<!-- Generated by org.testng.reporters.JUnitXMLReporter -->
<testsuite ignored="0" hostname="LAPTOP-S5V8OH7S" failures="0" tests="3" name="Firefox Latest on Windows 10" time="14.859" errors="0" timestamp="2025-11-27T10:35:05 IST">
  <testcase classname="testcases.CertificationTest" name="loginTC_001" time="0.0">
    <skipped/>
  </testcase> <!-- loginTC_001 -->
  <testcase classname="testcases.CertificationTest" name="loginTC_002" time="0.0">
    <skipped/>
  </testcase> <!-- loginTC_002 -->
  <testcase classname="testcases.CertificationTest" name="loginTC_003" time="0.0">
    <skipped/>
  </testcase> <!-- loginTC_003 -->
</testsuite> <!-- Firefox Latest on Windows 10 -->
