<?xml version="1.0" encoding="UTF-8"?>
<!-- Generated by org.testng.reporters.JUnitXMLReporter -->
<testsuite ignored="0" hostname="LAPTOP-S5V8OH7S" failures="0" tests="3" name="Test" time="12.369" errors="0" timestamp="2025-11-06T14:03:31 IST">
  <testcase classname="testcases.CertificationTest" name="loginTC_001" time="0.727"/>
  <testcase classname="testcases.CertificationTest" name="loginTC_002" time="0.844"/>
  <testcase classname="testcases.CertificationTest" name="loginTC_003" time="1.913"/>
</testsuite> <!-- Test -->
