<?xml version="1.0" encoding="UTF-8"?>
<testng-results ignored="3" total="6" passed="3" failed="0" skipped="0">
  <reporter-output>
  </reporter-output>
  <suite started-at="2025-11-27T15:36:10 IST" name="automation selenium" finished-at="2025-11-27T15:36:45 IST" duration-ms="34705">
    <groups>
    </groups>
    <test started-at="2025-11-27T15:36:10 IST" name="Chrome Scenario1" finished-at="2025-11-27T15:36:36 IST" duration-ms="25573">
      <class name="testcases.CertificationTest">
        <test-method is-config="true" signature="setup(java.lang.String,java.lang.String,java.lang.String)[pri:0, instance:testcases.CertificationTest@6a03bcb1]" started-at="2025-11-27T15:36:11 IST" name="setup" finished-at="2025-11-27T15:36:29 IST" duration-ms="18956" status="PASS">
          <params>
            <param index="0">
              <value>
                <![CDATA[Chrome]]>
              </value>
            </param>
            <param index="1">
              <value>
                <![CDATA[latest]]>
              </value>
            </param>
            <param index="2">
              <value>
                <![CDATA[Windows 11]]>
              </value>
            </param>
          </params>
          <reporter-output>
          </reporter-output>
        </test-method> <!-- setup -->
        <test-method signature="TestScenario_03()[pri:0, instance:testcases.CertificationTest@6a03bcb1]" started-at="2025-11-27T15:36:29 IST" name="TestScenario_03" description="Test Scenario 3:" finished-at="2025-11-27T15:36:35 IST" duration-ms="6017" status="PASS">
          <reporter-output>
          </reporter-output>
        </test-method> <!-- TestScenario_03 -->
        <test-method is-config="true" signature="tearDown()[pri:0, instance:testcases.CertificationTest@6a03bcb1]" started-at="2025-11-27T15:36:35 IST" name="tearDown" finished-at="2025-11-27T15:36:36 IST" duration-ms="560" status="PASS">
          <reporter-output>
          </reporter-output>
        </test-method> <!-- tearDown -->
      </class> <!-- testcases.CertificationTest -->
    </test> <!-- Chrome Scenario1 -->
    <test started-at="2025-11-27T15:36:10 IST" name="Firefox Scenario2" finished-at="2025-11-27T15:36:45 IST" duration-ms="34705">
      <class name="testcases.CertificationTest">
        <test-method is-config="true" signature="setup(java.lang.String,java.lang.String,java.lang.String)[pri:0, instance:testcases.CertificationTest@49438269]" started-at="2025-11-27T15:36:11 IST" name="setup" finished-at="2025-11-27T15:36:24 IST" duration-ms="13025" status="PASS">
          <params>
            <param index="0">
              <value>
                <![CDATA[Firefox]]>
              </value>
            </param>
            <param index="1">
              <value>
                <![CDATA[latest]]>
              </value>
            </param>
            <param index="2">
              <value>
                <![CDATA[Windows 10]]>
              </value>
            </param>
          </params>
          <reporter-output>
          </reporter-output>
        </test-method> <!-- setup -->
        <test-method signature="TestScenario_01()[pri:0, instance:testcases.CertificationTest@49438269]" started-at="2025-11-27T15:36:24 IST" name="TestScenario_01" description="Test Scenario 1:" finished-at="2025-11-27T15:36:25 IST" duration-ms="1603" status="PASS">
          <reporter-output>
          </reporter-output>
        </test-method> <!-- TestScenario_01 -->
        <test-method is-config="true" signature="tearDown()[pri:0, instance:testcases.CertificationTest@49438269]" started-at="2025-11-27T15:36:25 IST" name="tearDown" finished-at="2025-11-27T15:36:26 IST" duration-ms="1263" status="PASS">
          <reporter-output>
          </reporter-output>
        </test-method> <!-- tearDown -->
        <test-method is-config="true" signature="setup(java.lang.String,java.lang.String,java.lang.String)[pri:0, instance:testcases.CertificationTest@49438269]" started-at="2025-11-27T15:36:26 IST" name="setup" finished-at="2025-11-27T15:36:42 IST" duration-ms="15859" status="PASS">
          <params>
            <param index="0">
              <value>
                <![CDATA[Firefox]]>
              </value>
            </param>
            <param index="1">
              <value>
                <![CDATA[latest]]>
              </value>
            </param>
            <param index="2">
              <value>
                <![CDATA[Windows 10]]>
              </value>
            </param>
          </params>
          <reporter-output>
          </reporter-output>
        </test-method> <!-- setup -->
        <test-method signature="TestScenario_02()[pri:0, instance:testcases.CertificationTest@49438269]" started-at="2025-11-27T15:36:42 IST" name="TestScenario_02" description="Test Scenario 2:" finished-at="2025-11-27T15:36:44 IST" duration-ms="1702" status="PASS">
          <reporter-output>
          </reporter-output>
        </test-method> <!-- TestScenario_02 -->
        <test-method is-config="true" signature="tearDown()[pri:0, instance:testcases.CertificationTest@49438269]" started-at="2025-11-27T15:36:44 IST" name="tearDown" finished-at="2025-11-27T15:36:45 IST" duration-ms="1200" status="PASS">
          <reporter-output>
          </reporter-output>
        </test-method> <!-- tearDown -->
      </class> <!-- testcases.CertificationTest -->
    </test> <!-- Firefox Scenario2 -->
  </suite> <!-- automation selenium -->
</testng-results>
