<?xml version="1.0" encoding="UTF-8"?>
<!-- Generated by org.testng.reporters.JUnitReportReporter -->
<testsuite hostname="LAPTOP-S5V8OH7S" failures="0" tests="3" name="testcases.LoginTest" time="14.179" errors="0" timestamp="2025-11-06T13:45:27 IST" skipped="0">
  <testcase classname="testcases.LoginTest" name="loginTC_002" time="5.647"/>
  <testcase classname="testcases.LoginTest" name="loginTC_001" time="2.410"/>
  <testcase classname="testcases.LoginTest" name="loginTC_003" time="6.122"/>
</testsuite> <!-- testcases.LoginTest -->
