<?xml version="1.0" encoding="UTF-8"?>
<!-- Generated by org.testng.reporters.JUnitReportReporter -->
<testsuite hostname="LAPTOP-S5V8OH7S" failures="0" tests="3" name="testcases.CertificationTest2" time="13.276" errors="0" timestamp="2025-11-06T17:37:09 IST" skipped="0">
  <testcase classname="testcases.CertificationTest2" name="loginTC_002" time="2.710"/>
  <testcase classname="testcases.CertificationTest2" name="loginTC_001" time="4.167"/>
  <testcase classname="testcases.CertificationTest2" name="loginTC_003" time="6.399"/>
</testsuite> <!-- testcases.CertificationTest2 -->
