<?xml version="1.0" encoding="UTF-8"?>
<!-- Generated by org.testng.reporters.JUnitReportReporter -->
<testsuite hostname="LAPTOP-S5V8OH7S" failures="0" tests="3" name="testcases.CertificationTest" time="60.185" errors="0" timestamp="2025-11-27T15:36:45 IST" skipped="0">
  <testcase classname="testcases.CertificationTest" name="TestScenario_01" time="18.662"/>
  <testcase classname="testcases.CertificationTest" name="TestScenario_03" time="25.533"/>
  <testcase classname="testcases.CertificationTest" name="TestScenario_02" time="15.990"/>
</testsuite> <!-- testcases.CertificationTest -->
